2025-07-19 16:47:00 [ERROR]: Application Error {"service":"apostolic-church-backend","error":"Not allowed by CORS","method":"POST","url":"/api/auth/login","ip":"::1","userAgent":"Mozilla/5.0 (Windows NT 10.0; Win64; x64) AppleWebKit/537.36 (KHTML, like Gecko) Chrome/138.0.0.0 Safari/537.36"}
Error: Not allowed by CORS
    at origin (C:\Users\Lenovo\Desktop\Apostolic-2\server\server-production.js:90:16)
    at C:\Users\Lenovo\Desktop\Apostolic-2\server\node_modules\cors\lib\index.js:219:13
    at optionsCallback (C:\Users\Lenovo\Desktop\Apostolic-2\server\node_modules\cors\lib\index.js:199:9)
    at corsMiddleware (C:\Users\Lenovo\Desktop\Apostolic-2\server\node_modules\cors\lib\index.js:204:7)
    at Layer.handle [as handle_request] (C:\Users\Lenovo\Desktop\Apostolic-2\server\node_modules\express\lib\router\layer.js:95:5)
    at trim_prefix (C:\Users\Lenovo\Desktop\Apostolic-2\server\node_modules\express\lib\router\index.js:328:13)
    at C:\Users\Lenovo\Desktop\Apostolic-2\server\node_modules\express\lib\router\index.js:286:9
    at Function.process_params (C:\Users\Lenovo\Desktop\Apostolic-2\server\node_modules\express\lib\router\index.js:346:12)
    at next (C:\Users\Lenovo\Desktop\Apostolic-2\server\node_modules\express\lib\router\index.js:280:10)
    at C:\Users\Lenovo\Desktop\Apostolic-2\server\node_modules\express-rate-limit\dist\index.cjs:659:7
2025-07-19 16:47:03 [ERROR]: Application Error {"service":"apostolic-church-backend","error":"Not allowed by CORS","method":"POST","url":"/api/auth/login","ip":"::1","userAgent":"Mozilla/5.0 (Windows NT 10.0; Win64; x64) AppleWebKit/537.36 (KHTML, like Gecko) Chrome/138.0.0.0 Safari/537.36"}
Error: Not allowed by CORS
    at origin (C:\Users\Lenovo\Desktop\Apostolic-2\server\server-production.js:90:16)
    at C:\Users\Lenovo\Desktop\Apostolic-2\server\node_modules\cors\lib\index.js:219:13
    at optionsCallback (C:\Users\Lenovo\Desktop\Apostolic-2\server\node_modules\cors\lib\index.js:199:9)
    at corsMiddleware (C:\Users\Lenovo\Desktop\Apostolic-2\server\node_modules\cors\lib\index.js:204:7)
    at Layer.handle [as handle_request] (C:\Users\Lenovo\Desktop\Apostolic-2\server\node_modules\express\lib\router\layer.js:95:5)
    at trim_prefix (C:\Users\Lenovo\Desktop\Apostolic-2\server\node_modules\express\lib\router\index.js:328:13)
    at C:\Users\Lenovo\Desktop\Apostolic-2\server\node_modules\express\lib\router\index.js:286:9
    at Function.process_params (C:\Users\Lenovo\Desktop\Apostolic-2\server\node_modules\express\lib\router\index.js:346:12)
    at next (C:\Users\Lenovo\Desktop\Apostolic-2\server\node_modules\express\lib\router\index.js:280:10)
    at C:\Users\Lenovo\Desktop\Apostolic-2\server\node_modules\express-rate-limit\dist\index.cjs:659:7
2025-07-19 16:47:06 [ERROR]: Application Error {"service":"apostolic-church-backend","error":"Not allowed by CORS","method":"POST","url":"/api/auth/login","ip":"::1","userAgent":"Mozilla/5.0 (Windows NT 10.0; Win64; x64) AppleWebKit/537.36 (KHTML, like Gecko) Chrome/138.0.0.0 Safari/537.36"}
Error: Not allowed by CORS
    at origin (C:\Users\Lenovo\Desktop\Apostolic-2\server\server-production.js:90:16)
    at C:\Users\Lenovo\Desktop\Apostolic-2\server\node_modules\cors\lib\index.js:219:13
    at optionsCallback (C:\Users\Lenovo\Desktop\Apostolic-2\server\node_modules\cors\lib\index.js:199:9)
    at corsMiddleware (C:\Users\Lenovo\Desktop\Apostolic-2\server\node_modules\cors\lib\index.js:204:7)
    at Layer.handle [as handle_request] (C:\Users\Lenovo\Desktop\Apostolic-2\server\node_modules\express\lib\router\layer.js:95:5)
    at trim_prefix (C:\Users\Lenovo\Desktop\Apostolic-2\server\node_modules\express\lib\router\index.js:328:13)
    at C:\Users\Lenovo\Desktop\Apostolic-2\server\node_modules\express\lib\router\index.js:286:9
    at Function.process_params (C:\Users\Lenovo\Desktop\Apostolic-2\server\node_modules\express\lib\router\index.js:346:12)
    at next (C:\Users\Lenovo\Desktop\Apostolic-2\server\node_modules\express\lib\router\index.js:280:10)
    at C:\Users\Lenovo\Desktop\Apostolic-2\server\node_modules\express-rate-limit\dist\index.cjs:659:7
2025-07-19 16:47:11 [ERROR]: Application Error {"service":"apostolic-church-backend","error":"Not allowed by CORS","method":"POST","url":"/api/auth/login","ip":"::1","userAgent":"Mozilla/5.0 (Windows NT 10.0; Win64; x64) AppleWebKit/537.36 (KHTML, like Gecko) Chrome/138.0.0.0 Safari/537.36"}
Error: Not allowed by CORS
    at origin (C:\Users\Lenovo\Desktop\Apostolic-2\server\server-production.js:90:16)
    at C:\Users\Lenovo\Desktop\Apostolic-2\server\node_modules\cors\lib\index.js:219:13
    at optionsCallback (C:\Users\Lenovo\Desktop\Apostolic-2\server\node_modules\cors\lib\index.js:199:9)
    at corsMiddleware (C:\Users\Lenovo\Desktop\Apostolic-2\server\node_modules\cors\lib\index.js:204:7)
    at Layer.handle [as handle_request] (C:\Users\Lenovo\Desktop\Apostolic-2\server\node_modules\express\lib\router\layer.js:95:5)
    at trim_prefix (C:\Users\Lenovo\Desktop\Apostolic-2\server\node_modules\express\lib\router\index.js:328:13)
    at C:\Users\Lenovo\Desktop\Apostolic-2\server\node_modules\express\lib\router\index.js:286:9
    at Function.process_params (C:\Users\Lenovo\Desktop\Apostolic-2\server\node_modules\express\lib\router\index.js:346:12)
    at next (C:\Users\Lenovo\Desktop\Apostolic-2\server\node_modules\express\lib\router\index.js:280:10)
    at C:\Users\Lenovo\Desktop\Apostolic-2\server\node_modules\express-rate-limit\dist\index.cjs:659:7
2025-07-19 16:49:30 [ERROR]: Application Error {"service":"apostolic-church-backend","error":"Not allowed by CORS","method":"POST","url":"/api/auth/login","ip":"::1","userAgent":"Mozilla/5.0 (Windows NT 10.0; Win64; x64) AppleWebKit/537.36 (KHTML, like Gecko) Chrome/138.0.0.0 Safari/537.36"}
Error: Not allowed by CORS
    at origin (C:\Users\Lenovo\Desktop\Apostolic-2\server\server-production.js:90:16)
    at C:\Users\Lenovo\Desktop\Apostolic-2\server\node_modules\cors\lib\index.js:219:13
    at optionsCallback (C:\Users\Lenovo\Desktop\Apostolic-2\server\node_modules\cors\lib\index.js:199:9)
    at corsMiddleware (C:\Users\Lenovo\Desktop\Apostolic-2\server\node_modules\cors\lib\index.js:204:7)
    at Layer.handle [as handle_request] (C:\Users\Lenovo\Desktop\Apostolic-2\server\node_modules\express\lib\router\layer.js:95:5)
    at trim_prefix (C:\Users\Lenovo\Desktop\Apostolic-2\server\node_modules\express\lib\router\index.js:328:13)
    at C:\Users\Lenovo\Desktop\Apostolic-2\server\node_modules\express\lib\router\index.js:286:9
    at Function.process_params (C:\Users\Lenovo\Desktop\Apostolic-2\server\node_modules\express\lib\router\index.js:346:12)
    at next (C:\Users\Lenovo\Desktop\Apostolic-2\server\node_modules\express\lib\router\index.js:280:10)
    at C:\Users\Lenovo\Desktop\Apostolic-2\server\node_modules\express-rate-limit\dist\index.cjs:659:7
2025-07-19 16:49:32 [ERROR]: Application Error {"service":"apostolic-church-backend","error":"Not allowed by CORS","method":"POST","url":"/api/auth/login","ip":"::1","userAgent":"Mozilla/5.0 (Windows NT 10.0; Win64; x64) AppleWebKit/537.36 (KHTML, like Gecko) Chrome/138.0.0.0 Safari/537.36"}
Error: Not allowed by CORS
    at origin (C:\Users\Lenovo\Desktop\Apostolic-2\server\server-production.js:90:16)
    at C:\Users\Lenovo\Desktop\Apostolic-2\server\node_modules\cors\lib\index.js:219:13
    at optionsCallback (C:\Users\Lenovo\Desktop\Apostolic-2\server\node_modules\cors\lib\index.js:199:9)
    at corsMiddleware (C:\Users\Lenovo\Desktop\Apostolic-2\server\node_modules\cors\lib\index.js:204:7)
    at Layer.handle [as handle_request] (C:\Users\Lenovo\Desktop\Apostolic-2\server\node_modules\express\lib\router\layer.js:95:5)
    at trim_prefix (C:\Users\Lenovo\Desktop\Apostolic-2\server\node_modules\express\lib\router\index.js:328:13)
    at C:\Users\Lenovo\Desktop\Apostolic-2\server\node_modules\express\lib\router\index.js:286:9
    at Function.process_params (C:\Users\Lenovo\Desktop\Apostolic-2\server\node_modules\express\lib\router\index.js:346:12)
    at next (C:\Users\Lenovo\Desktop\Apostolic-2\server\node_modules\express\lib\router\index.js:280:10)
    at C:\Users\Lenovo\Desktop\Apostolic-2\server\node_modules\express-rate-limit\dist\index.cjs:659:7
2025-07-19 16:56:48 [ERROR]: Application Error {"service":"apostolic-church-backend","error":"Not allowed by CORS","method":"POST","url":"/api/auth/login","ip":"::1","userAgent":"Mozilla/5.0 (Windows NT 10.0; Win64; x64) AppleWebKit/537.36 (KHTML, like Gecko) Chrome/138.0.0.0 Safari/537.36"}
Error: Not allowed by CORS
    at origin (C:\Users\Lenovo\Desktop\Apostolic-2\server\server-production.js:90:16)
    at C:\Users\Lenovo\Desktop\Apostolic-2\server\node_modules\cors\lib\index.js:219:13
    at optionsCallback (C:\Users\Lenovo\Desktop\Apostolic-2\server\node_modules\cors\lib\index.js:199:9)
    at corsMiddleware (C:\Users\Lenovo\Desktop\Apostolic-2\server\node_modules\cors\lib\index.js:204:7)
    at Layer.handle [as handle_request] (C:\Users\Lenovo\Desktop\Apostolic-2\server\node_modules\express\lib\router\layer.js:95:5)
    at trim_prefix (C:\Users\Lenovo\Desktop\Apostolic-2\server\node_modules\express\lib\router\index.js:328:13)
    at C:\Users\Lenovo\Desktop\Apostolic-2\server\node_modules\express\lib\router\index.js:286:9
    at Function.process_params (C:\Users\Lenovo\Desktop\Apostolic-2\server\node_modules\express\lib\router\index.js:346:12)
    at next (C:\Users\Lenovo\Desktop\Apostolic-2\server\node_modules\express\lib\router\index.js:280:10)
    at C:\Users\Lenovo\Desktop\Apostolic-2\server\node_modules\express-rate-limit\dist\index.cjs:659:7
2025-07-19 17:01:21 [ERROR]: Application Error {"service":"apostolic-church-backend","error":"Not allowed by CORS","method":"POST","url":"/api/auth/login","ip":"::1","userAgent":"Mozilla/5.0 (Windows NT 10.0; Win64; x64) AppleWebKit/537.36 (KHTML, like Gecko) Chrome/138.0.0.0 Safari/537.36"}
Error: Not allowed by CORS
    at origin (C:\Users\Lenovo\Desktop\Apostolic-2\server\server-production.js:90:16)
    at C:\Users\Lenovo\Desktop\Apostolic-2\server\node_modules\cors\lib\index.js:219:13
    at optionsCallback (C:\Users\Lenovo\Desktop\Apostolic-2\server\node_modules\cors\lib\index.js:199:9)
    at corsMiddleware (C:\Users\Lenovo\Desktop\Apostolic-2\server\node_modules\cors\lib\index.js:204:7)
    at Layer.handle [as handle_request] (C:\Users\Lenovo\Desktop\Apostolic-2\server\node_modules\express\lib\router\layer.js:95:5)
    at trim_prefix (C:\Users\Lenovo\Desktop\Apostolic-2\server\node_modules\express\lib\router\index.js:328:13)
    at C:\Users\Lenovo\Desktop\Apostolic-2\server\node_modules\express\lib\router\index.js:286:9
    at Function.process_params (C:\Users\Lenovo\Desktop\Apostolic-2\server\node_modules\express\lib\router\index.js:346:12)
    at next (C:\Users\Lenovo\Desktop\Apostolic-2\server\node_modules\express\lib\router\index.js:280:10)
    at C:\Users\Lenovo\Desktop\Apostolic-2\server\node_modules\express-rate-limit\dist\index.cjs:659:7
